Pulled: registry-1.docker.io/bitnamicharts/kafka:30.1.4
Digest: sha256:f7d20440a47772e8ae4829823712cd296ef355f3c06e18f9f3b7457b261fa34b
NAME: kafka
LAST DEPLOYED: Sun Sep 29 14:10:20 2024
NAMESPACE: pega
STATUS: deployed
REVISION: 1
TEST SUITE: None
NOTES:
CHART NAME: kafka
CHART VERSION: 30.1.4
APP VERSION: 3.8.0

** Please be patient while the chart is being deployed **

Kafka can be accessed by consumers via port 9092 on the following DNS name from within your cluster:

    kafka.pega.svc.cluster.local

Each Kafka broker can be accessed by producers via port 9092 on the following DNS name(s) from within your cluster:

    kafka-controller-0.kafka-controller-headless.pega.svc.cluster.local:9092
    kafka-controller-1.kafka-controller-headless.pega.svc.cluster.local:9092
    kafka-controller-2.kafka-controller-headless.pega.svc.cluster.local:9092

The CLIENT listener for Kafka client connections from within your cluster have been configured with the following security settings:
    - SASL authentication

To connect a client to your Kafka, you need to create the 'client.properties' configuration files with the content below:

security.protocol=SASL_PLAINTEXT
sasl.mechanism=SCRAM-SHA-256
sasl.jaas.config=org.apache.kafka.common.security.scram.ScramLoginModule required \
    username="user1" \
    password="$(kubectl get secret kafka-user-passwords --namespace pega -o jsonpath='{.data.client-passwords}' | base64 -d | cut -d , -f 1)";

To create a pod that you can use as a Kafka client run the following commands:

    kubectl run kafka-client --restart='Never' --image docker.io/bitnami/kafka:3.8.0-debian-12-r5 --namespace pega --command -- sleep infinity
    kubectl cp --namespace pega /path/to/client.properties kafka-client:/tmp/client.properties
    kubectl exec --tty -i kafka-client --namespace pega -- bash

    PRODUCER:
        kafka-console-producer.sh \
            --producer.config /tmp/client.properties \
            --broker-list kafka-controller-0.kafka-controller-headless.pega.svc.cluster.local:9092,kafka-controller-1.kafka-controller-headless.pega.svc.cluster.local:9092,kafka-controller-2.kafka-controller-headless.pega.svc.cluster.local:9092 \
            --topic test

    CONSUMER:
        kafka-console-consumer.sh \
            --consumer.config /tmp/client.properties \
            --bootstrap-server kafka.pega.svc.cluster.local:9092 \
            --topic test \
            --from-beginning

WARNING: There are "resources" sections in the chart not set. Using "resourcesPreset" is not recommended for production. For production installations, please set the following values according to your workload needs:
  - controller.resources
+info https://kubernetes.io/docs/concepts/configuration/manage-resources-containers/
